This is pdfTeX, Version 3.141592653-2.6-1.40.22 (MiKTeX 21.6) (preloaded format=pdflatex 2021.6.15)  22 JUN 2021 11:00
entering extended mode
**c:/Users/subbu/Documents/engineering_work/BTP/BTP-Slides/demo.tex
(c:/Users/subbu/Documents/engineering_work/BTP/BTP-Slides/demo.tex
LaTeX2e <2021-06-01>
L3 programming layer <2021-06-01> (C:\Program Files\MiKTeX\tex/latex/beamer\beamer.cls
Document Class: beamer 2021/05/26 v3.63 A class for typesetting presentations
(C:\Program Files\MiKTeX\tex/latex/beamer\beamerbasemodes.sty (C:\Program Files\MiKTeX\tex/latex/etoolbox\etoolbox.sty
Package: etoolbox 2020/10/05 v2.5k e-TeX tools for LaTeX (JAW)
\etb@tempcnta=\count182
)
\beamer@tempbox=\box50
\beamer@tempcount=\count183
\c@beamerpauses=\count184
 (C:\Program Files\MiKTeX\tex/latex/beamer\beamerbasedecode.sty
\beamer@slideinframe=\count185
\beamer@minimum=\count186
\beamer@decode@box=\box51
)
\beamer@commentbox=\box52
\beamer@modecount=\count187
) (C:\Program Files\MiKTeX\tex/generic/iftex\ifpdf.sty
Package: ifpdf 2019/10/25 v3.4 ifpdf legacy package. Use iftex instead.
 (C:\Program Files\MiKTeX\tex/generic/iftex\iftex.sty
Package: iftex 2020/03/06 v1.0d TeX engine tests
))
\headdp=\dimen138
\footheight=\dimen139
\sidebarheight=\dimen140
\beamer@tempdim=\dimen141
\beamer@finalheight=\dimen142
\beamer@animht=\dimen143
\beamer@animdp=\dimen144
\beamer@animwd=\dimen145
\beamer@leftmargin=\dimen146
\beamer@rightmargin=\dimen147
\beamer@leftsidebar=\dimen148
\beamer@rightsidebar=\dimen149
\beamer@boxsize=\dimen150
\beamer@vboxoffset=\dimen151
\beamer@descdefault=\dimen152
\beamer@descriptionwidth=\dimen153
\beamer@lastskip=\skip47
\beamer@areabox=\box53
\beamer@animcurrent=\box54
\beamer@animshowbox=\box55
\beamer@sectionbox=\box56
\beamer@logobox=\box57
\beamer@linebox=\box58
\beamer@sectioncount=\count188
\beamer@subsubsectionmax=\count189
\beamer@subsectionmax=\count190
\beamer@sectionmax=\count191
\beamer@totalheads=\count192
\beamer@headcounter=\count193
\beamer@partstartpage=\count194
\beamer@sectionstartpage=\count195
\beamer@subsectionstartpage=\count196
\beamer@animationtempa=\count197
\beamer@animationtempb=\count198
\beamer@xpos=\count199
\beamer@ypos=\count266
\beamer@ypos@offset=\count267
\beamer@showpartnumber=\count268
\beamer@currentsubsection=\count269
\beamer@coveringdepth=\count270
\beamer@sectionadjust=\count271
\beamer@toclastsection=\count272
\beamer@tocsectionnumber=\count273
 (C:\Program Files\MiKTeX\tex/latex/beamer\beamerbaseoptions.sty (C:\Program Files\MiKTeX\tex/latex/graphics\keyval.sty
Package: keyval 2014/10/28 v1.15 key=value parser (DPC)
\KV@toks@=\toks16
))
\beamer@paperwidth=\skip48
\beamer@paperheight=\skip49
 (C:\Program Files\MiKTeX\tex/latex/geometry\geometry.sty
Package: geometry 2020/01/02 v5.9 Page Geometry
 (C:\Program Files\MiKTeX\tex/generic/iftex\ifvtex.sty
Package: ifvtex 2019/10/25 v1.7 ifvtex legacy package. Use iftex instead.
)
\Gm@cnth=\count274
\Gm@cntv=\count275
\c@Gm@tempcnt=\count276
\Gm@bindingoffset=\dimen154
\Gm@wd@mp=\dimen155
\Gm@odd@mp=\dimen156
\Gm@even@mp=\dimen157
\Gm@layoutwidth=\dimen158
\Gm@layoutheight=\dimen159
\Gm@layouthoffset=\dimen160
\Gm@layoutvoffset=\dimen161
\Gm@dimlist=\toks17
 (C:\Program Files\MiKTeX\tex/latex/geometry\geometry.cfg)) (C:\Program Files\MiKTeX\tex/latex/base\size10.clo
File: size10.clo 2021/02/12 v1.4n Standard LaTeX file (size option)
) (C:\Program Files\MiKTeX\tex/latex/pgf/basiclayer\pgfcore.sty (C:\Program Files\MiKTeX\tex/latex/graphics\graphicx.sty
Package: graphicx 2020/12/05 v1.2c Enhanced LaTeX Graphics (DPC,SPQR)
 (C:\Program Files\MiKTeX\tex/latex/graphics\graphics.sty
Package: graphics 2021/03/04 v1.4d Standard LaTeX Graphics (DPC,SPQR)
 (C:\Program Files\MiKTeX\tex/latex/graphics\trig.sty
Package: trig 2016/01/03 v1.10 sin cos tan (DPC)
) (C:\Program Files\MiKTeX\tex/latex/graphics-cfg\graphics.cfg
File: graphics.cfg 2016/06/04 v1.11 sample graphics configuration
)
Package graphics Info: Driver file: pdftex.def on input line 107.
 (C:\Program Files\MiKTeX\tex/latex/graphics-def\pdftex.def
File: pdftex.def 2020/10/05 v1.2a Graphics/color driver for pdftex
))
\Gin@req@height=\dimen162
\Gin@req@width=\dimen163
) (C:\Program Files\MiKTeX\tex/latex/pgf/systemlayer\pgfsys.sty (C:\Program Files\MiKTeX\tex/latex/pgf/utilities\pgfrcs.sty (C:\Program Files\MiKTeX\tex/generic/pgf/utilities\pgfutil-common.tex
\pgfutil@everybye=\toks18
\pgfutil@tempdima=\dimen164
\pgfutil@tempdimb=\dimen165
 (C:\Program Files\MiKTeX\tex/generic/pgf/utilities\pgfutil-common-lists.tex)) (C:\Program Files\MiKTeX\tex/generic/pgf/utilities\pgfutil-latex.def
\pgfutil@abb=\box59
) (C:\Program Files\MiKTeX\tex/generic/pgf/utilities\pgfrcs.code.tex (C:\Program Files\MiKTeX\tex/generic/pgf\pgf.revision.tex)
Package: pgfrcs 2021/05/15 v3.1.9a (3.1.9a)
)) (C:\Program Files\MiKTeX\tex/generic/pgf/systemlayer\pgfsys.code.tex
Package: pgfsys 2021/05/15 v3.1.9a (3.1.9a)
 (C:\Program Files\MiKTeX\tex/generic/pgf/utilities\pgfkeys.code.tex
\pgfkeys@pathtoks=\toks19
\pgfkeys@temptoks=\toks20
 (C:\Program Files\MiKTeX\tex/generic/pgf/utilities\pgfkeysfiltered.code.tex
\pgfkeys@tmptoks=\toks21
))
\pgf@x=\dimen166
\pgf@y=\dimen167
\pgf@xa=\dimen168
\pgf@ya=\dimen169
\pgf@xb=\dimen170
\pgf@yb=\dimen171
\pgf@xc=\dimen172
\pgf@yc=\dimen173
\pgf@xd=\dimen174
\pgf@yd=\dimen175
\w@pgf@writea=\write3
\r@pgf@reada=\read2
\c@pgf@counta=\count277
\c@pgf@countb=\count278
\c@pgf@countc=\count279
\c@pgf@countd=\count280
\t@pgf@toka=\toks22
\t@pgf@tokb=\toks23
\t@pgf@tokc=\toks24
\pgf@sys@id@count=\count281
 (C:\Program Files\MiKTeX\tex/generic/pgf/systemlayer\pgf.cfg
File: pgf.cfg 2021/05/15 v3.1.9a (3.1.9a)
)
Driver file for pgf: pgfsys-pdftex.def
 (C:\Program Files\MiKTeX\tex/generic/pgf/systemlayer\pgfsys-pdftex.def
File: pgfsys-pdftex.def 2021/05/15 v3.1.9a (3.1.9a)
 (C:\Program Files\MiKTeX\tex/generic/pgf/systemlayer\pgfsys-common-pdf.def
File: pgfsys-common-pdf.def 2021/05/15 v3.1.9a (3.1.9a)
))) (C:\Program Files\MiKTeX\tex/generic/pgf/systemlayer\pgfsyssoftpath.code.tex
File: pgfsyssoftpath.code.tex 2021/05/15 v3.1.9a (3.1.9a)
\pgfsyssoftpath@smallbuffer@items=\count282
\pgfsyssoftpath@bigbuffer@items=\count283
) (C:\Program Files\MiKTeX\tex/generic/pgf/systemlayer\pgfsysprotocol.code.tex
File: pgfsysprotocol.code.tex 2021/05/15 v3.1.9a (3.1.9a)
)) (C:\Program Files\MiKTeX\tex/latex/xcolor\xcolor.sty
Package: xcolor 2016/05/11 v2.12 LaTeX color extensions (UK)
 (C:\Program Files\MiKTeX\tex/latex/graphics-cfg\color.cfg
File: color.cfg 2016/01/02 v1.6 sample color configuration
)
Package xcolor Info: Driver file: pdftex.def on input line 225.
Package xcolor Info: Model `cmy' substituted by `cmy0' on input line 1348.
Package xcolor Info: Model `hsb' substituted by `rgb' on input line 1352.
Package xcolor Info: Model `RGB' extended on input line 1364.
Package xcolor Info: Model `HTML' substituted by `rgb' on input line 1366.
Package xcolor Info: Model `Hsb' substituted by `hsb' on input line 1367.
Package xcolor Info: Model `tHsb' substituted by `hsb' on input line 1368.
Package xcolor Info: Model `HSB' substituted by `hsb' on input line 1369.
Package xcolor Info: Model `Gray' substituted by `gray' on input line 1370.
Package xcolor Info: Model `wave' substituted by `hsb' on input line 1371.
) (C:\Program Files\MiKTeX\tex/generic/pgf/basiclayer\pgfcore.code.tex
Package: pgfcore 2021/05/15 v3.1.9a (3.1.9a)
 (C:\Program Files\MiKTeX\tex/generic/pgf/math\pgfmath.code.tex (C:\Program Files\MiKTeX\tex/generic/pgf/math\pgfmathcalc.code.tex (C:\Program Files\MiKTeX\tex/generic/pgf/math\pgfmathutil.code.tex) (C:\Program Files\MiKTeX\tex/generic/pgf/math\pgfmathparser.code.tex
\pgfmath@dimen=\dimen176
\pgfmath@count=\count284
\pgfmath@box=\box60
\pgfmath@toks=\toks25
\pgfmath@stack@operand=\toks26
\pgfmath@stack@operation=\toks27
) (C:\Program Files\MiKTeX\tex/generic/pgf/math\pgfmathfunctions.code.tex (C:\Program Files\MiKTeX\tex/generic/pgf/math\pgfmathfunctions.basic.code.tex) (C:\Program Files\MiKTeX\tex/generic/pgf/math\pgfmathfunctions.trigonometric.code.tex) (C:\Program Files\MiKTeX\tex/generic/pgf/math\pgfmathfunctions.random.code.tex) (C:\Program Files\MiKTeX\tex/generic/pgf/math\pgfmathfunctions.comparison.code.tex) (C:\Program Files\MiKTeX\tex/generic/pgf/math\pgfmathfunctions.base.code.tex) (C:\Program Files\MiKTeX\tex/generic/pgf/math\pgfmathfunctions.round.code.tex) (C:\Program Files\MiKTeX\tex/generic/pgf/math\pgfmathfunctions.misc.code.tex) (C:\Program Files\MiKTeX\tex/generic/pgf/math\pgfmathfunctions.integerarithmetics.code.tex))) (C:\Program Files\MiKTeX\tex/generic/pgf/math\pgfmathfloat.code.tex
\c@pgfmathroundto@lastzeros=\count285
)) (C:\Program Files\MiKTeX\tex/generic/pgf/math\pgfint.code.tex) (C:\Program Files\MiKTeX\tex/generic/pgf/basiclayer\pgfcorepoints.code.tex
File: pgfcorepoints.code.tex 2021/05/15 v3.1.9a (3.1.9a)
\pgf@picminx=\dimen177
\pgf@picmaxx=\dimen178
\pgf@picminy=\dimen179
\pgf@picmaxy=\dimen180
\pgf@pathminx=\dimen181
\pgf@pathmaxx=\dimen182
\pgf@pathminy=\dimen183
\pgf@pathmaxy=\dimen184
\pgf@xx=\dimen185
\pgf@xy=\dimen186
\pgf@yx=\dimen187
\pgf@yy=\dimen188
\pgf@zx=\dimen189
\pgf@zy=\dimen190
) (C:\Program Files\MiKTeX\tex/generic/pgf/basiclayer\pgfcorepathconstruct.code.tex
File: pgfcorepathconstruct.code.tex 2021/05/15 v3.1.9a (3.1.9a)
\pgf@path@lastx=\dimen191
\pgf@path@lasty=\dimen192
) (C:\Program Files\MiKTeX\tex/generic/pgf/basiclayer\pgfcorepathusage.code.tex
File: pgfcorepathusage.code.tex 2021/05/15 v3.1.9a (3.1.9a)
\pgf@shorten@end@additional=\dimen193
\pgf@shorten@start@additional=\dimen194
) (C:\Program Files\MiKTeX\tex/generic/pgf/basiclayer\pgfcorescopes.code.tex
File: pgfcorescopes.code.tex 2021/05/15 v3.1.9a (3.1.9a)
\pgfpic=\box61
\pgf@hbox=\box62
\pgf@layerbox@main=\box63
\pgf@picture@serial@count=\count286
) (C:\Program Files\MiKTeX\tex/generic/pgf/basiclayer\pgfcoregraphicstate.code.tex
File: pgfcoregraphicstate.code.tex 2021/05/15 v3.1.9a (3.1.9a)
\pgflinewidth=\dimen195
) (C:\Program Files\MiKTeX\tex/generic/pgf/basiclayer\pgfcoretransformations.code.tex
File: pgfcoretransformations.code.tex 2021/05/15 v3.1.9a (3.1.9a)
\pgf@pt@x=\dimen196
\pgf@pt@y=\dimen197
\pgf@pt@temp=\dimen198
) (C:\Program Files\MiKTeX\tex/generic/pgf/basiclayer\pgfcorequick.code.tex
File: pgfcorequick.code.tex 2021/05/15 v3.1.9a (3.1.9a)
) (C:\Program Files\MiKTeX\tex/generic/pgf/basiclayer\pgfcoreobjects.code.tex
File: pgfcoreobjects.code.tex 2021/05/15 v3.1.9a (3.1.9a)
) (C:\Program Files\MiKTeX\tex/generic/pgf/basiclayer\pgfcorepathprocessing.code.tex
File: pgfcorepathprocessing.code.tex 2021/05/15 v3.1.9a (3.1.9a)
) (C:\Program Files\MiKTeX\tex/generic/pgf/basiclayer\pgfcorearrows.code.tex
File: pgfcorearrows.code.tex 2021/05/15 v3.1.9a (3.1.9a)
\pgfarrowsep=\dimen199
) (C:\Program Files\MiKTeX\tex/generic/pgf/basiclayer\pgfcoreshade.code.tex
File: pgfcoreshade.code.tex 2021/05/15 v3.1.9a (3.1.9a)
\pgf@max=\dimen256
\pgf@sys@shading@range@num=\count287
\pgf@shadingcount=\count288
) (C:\Program Files\MiKTeX\tex/generic/pgf/basiclayer\pgfcoreimage.code.tex
File: pgfcoreimage.code.tex 2021/05/15 v3.1.9a (3.1.9a)
 (C:\Program Files\MiKTeX\tex/generic/pgf/basiclayer\pgfcoreexternal.code.tex
File: pgfcoreexternal.code.tex 2021/05/15 v3.1.9a (3.1.9a)
\pgfexternal@startupbox=\box64
)) (C:\Program Files\MiKTeX\tex/generic/pgf/basiclayer\pgfcorelayers.code.tex
File: pgfcorelayers.code.tex 2021/05/15 v3.1.9a (3.1.9a)
) (C:\Program Files\MiKTeX\tex/generic/pgf/basiclayer\pgfcoretransparency.code.tex
File: pgfcoretransparency.code.tex 2021/05/15 v3.1.9a (3.1.9a)
) (C:\Program Files\MiKTeX\tex/generic/pgf/basiclayer\pgfcorepatterns.code.tex
File: pgfcorepatterns.code.tex 2021/05/15 v3.1.9a (3.1.9a)
) (C:\Program Files\MiKTeX\tex/generic/pgf/basiclayer\pgfcorerdf.code.tex
File: pgfcorerdf.code.tex 2021/05/15 v3.1.9a (3.1.9a)
))) (C:\Program Files\MiKTeX\tex/latex/pgf/utilities\xxcolor.sty
Package: xxcolor 2003/10/24 ver 0.1
\XC@nummixins=\count289
\XC@countmixins=\count290
) (C:\Program Files\MiKTeX\tex/latex/base\atbegshi-ltx.sty
Package: atbegshi-ltx 2021/01/10 v1.0c Emulation of the original atbegshi
package with kernel methods
) (C:\Program Files\MiKTeX\tex/latex/hyperref\hyperref.sty
Package: hyperref 2021-06-07 v7.00m Hypertext links for LaTeX
 (C:\Program Files\MiKTeX\tex/generic/ltxcmds\ltxcmds.sty
Package: ltxcmds 2020-05-10 v1.25 LaTeX kernel commands for general use (HO)
) (C:\Program Files\MiKTeX\tex/generic/pdftexcmds\pdftexcmds.sty
Package: pdftexcmds 2020-06-27 v0.33 Utility functions of pdfTeX for LuaTeX (HO)
 (C:\Program Files\MiKTeX\tex/generic/infwarerr\infwarerr.sty
Package: infwarerr 2019/12/03 v1.5 Providing info/warning/error messages (HO)
)
Package pdftexcmds Info: \pdf@primitive is available.
Package pdftexcmds Info: \pdf@ifprimitive is available.
Package pdftexcmds Info: \pdfdraftmode found.
) (C:\Program Files\MiKTeX\tex/generic/kvsetkeys\kvsetkeys.sty
Package: kvsetkeys 2019/12/15 v1.18 Key value parser (HO)
) (C:\Program Files\MiKTeX\tex/generic/kvdefinekeys\kvdefinekeys.sty
Package: kvdefinekeys 2019-12-19 v1.6 Define keys (HO)
) (C:\Program Files\MiKTeX\tex/generic/pdfescape\pdfescape.sty
Package: pdfescape 2019/12/09 v1.15 Implements pdfTeX's escape features (HO)
) (C:\Program Files\MiKTeX\tex/latex/hycolor\hycolor.sty
Package: hycolor 2020-01-27 v1.10 Color options for hyperref/bookmark (HO)
) (C:\Program Files\MiKTeX\tex/latex/letltxmacro\letltxmacro.sty
Package: letltxmacro 2019/12/03 v1.6 Let assignment for LaTeX macros (HO)
) (C:\Program Files\MiKTeX\tex/latex/auxhook\auxhook.sty
Package: auxhook 2019-12-17 v1.6 Hooks for auxiliary files (HO)
) (C:\Program Files\MiKTeX\tex/latex/kvoptions\kvoptions.sty
Package: kvoptions 2020-10-07 v3.14 Key value format for package options (HO)
)
\@linkdim=\dimen257
\Hy@linkcounter=\count291
\Hy@pagecounter=\count292
 (C:\Program Files\MiKTeX\tex/latex/hyperref\pd1enc.def
File: pd1enc.def 2021-06-07 v7.00m Hyperref: PDFDocEncoding definition (HO)
Now handling font encoding PD1 ...
... no UTF-8 mapping file for font encoding PD1
) (C:\Program Files\MiKTeX\tex/latex/hyperref\hyperref-langpatches.def
File: hyperref-langpatches.def 2021-06-07 v7.00m Hyperref: patches for babel languages
) (C:\Program Files\MiKTeX\tex/generic/intcalc\intcalc.sty
Package: intcalc 2019/12/15 v1.3 Expandable calculations with integers (HO)
) (C:\Program Files\MiKTeX\tex/generic/etexcmds\etexcmds.sty
Package: etexcmds 2019/12/15 v1.7 Avoid name clashes with e-TeX commands (HO)
)
\Hy@SavedSpaceFactor=\count293
 (C:\Program Files\MiKTeX\tex/latex/hyperref\puenc.def
File: puenc.def 2021-06-07 v7.00m Hyperref: PDF Unicode definition (HO)
Now handling font encoding PU ...
... no UTF-8 mapping file for font encoding PU
)
Package hyperref Info: Option `bookmarks' set `true' on input line 4073.
Package hyperref Info: Option `bookmarksopen' set `true' on input line 4073.
Package hyperref Info: Option `implicit' set `false' on input line 4073.
Package hyperref Info: Hyper figures OFF on input line 4192.
Package hyperref Info: Link nesting OFF on input line 4197.
Package hyperref Info: Hyper index ON on input line 4200.
Package hyperref Info: Plain pages OFF on input line 4207.
Package hyperref Info: Backreferencing OFF on input line 4212.
Package hyperref Info: Implicit mode OFF; no redefinition of LaTeX internals.
Package hyperref Info: Bookmarks ON on input line 4445.
\c@Hy@tempcnt=\count294
 (C:\Program Files\MiKTeX\tex/latex/url\url.sty
\Urlmuskip=\muskip16
Package: url 2013/09/16  ver 3.4  Verb mode for urls, etc.
)
LaTeX Info: Redefining \url on input line 4804.
\XeTeXLinkMargin=\dimen258
 (C:\Program Files\MiKTeX\tex/generic/bitset\bitset.sty
Package: bitset 2019/12/09 v1.3 Handle bit-vector datatype (HO)
 (C:\Program Files\MiKTeX\tex/generic/bigintcalc\bigintcalc.sty
Package: bigintcalc 2019/12/15 v1.5 Expandable calculations on big integers (HO)
))
\Fld@menulength=\count295
\Field@Width=\dimen259
\Fld@charsize=\dimen260
Package hyperref Info: Hyper figures OFF on input line 6076.
Package hyperref Info: Link nesting OFF on input line 6081.
Package hyperref Info: Hyper index ON on input line 6084.
Package hyperref Info: backreferencing OFF on input line 6091.
Package hyperref Info: Link coloring OFF on input line 6096.
Package hyperref Info: Link coloring with OCG OFF on input line 6101.
Package hyperref Info: PDF/A mode OFF on input line 6106.
LaTeX Info: Redefining \ref on input line 6146.
LaTeX Info: Redefining \pageref on input line 6150.
\Hy@abspage=\count296


Package hyperref Message: Stopped early.

)
Package hyperref Info: Driver (autodetected): hpdftex.
 (C:\Program Files\MiKTeX\tex/latex/hyperref\hpdftex.def
File: hpdftex.def 2021-06-07 v7.00m Hyperref driver for pdfTeX
 (C:\Program Files\MiKTeX\tex/latex/base\atveryend-ltx.sty
Package: atveryend-ltx 2020/08/19 v1.0a Emulation of the original atvery package
with kernel methods
)
\Fld@listcount=\count297
\c@bookmark@seq@number=\count298
 (C:\Program Files\MiKTeX\tex/latex/rerunfilecheck\rerunfilecheck.sty
Package: rerunfilecheck 2019/12/05 v1.9 Rerun checks for auxiliary files (HO)
 (C:\Program Files\MiKTeX\tex/generic/uniquecounter\uniquecounter.sty
Package: uniquecounter 2019/12/15 v1.4 Provide unlimited unique counter (HO)
)
Package uniquecounter Info: New unique counter `rerunfilecheck' on input line 286.
)) (C:\Program Files\MiKTeX\tex/latex/beamer\beamerbaserequires.sty (C:\Program Files\MiKTeX\tex/latex/beamer\beamerbasecompatibility.sty) (C:\Program Files\MiKTeX\tex/latex/beamer\beamerbasefont.sty (C:\Program Files\MiKTeX\tex/latex/amsfonts\amssymb.sty
Package: amssymb 2013/01/14 v3.01 AMS font symbols
 (C:\Program Files\MiKTeX\tex/latex/amsfonts\amsfonts.sty
Package: amsfonts 2013/01/14 v3.01 Basic AMSFonts support
\@emptytoks=\toks28
\symAMSa=\mathgroup4
\symAMSb=\mathgroup5
LaTeX Font Info:    Redeclaring math symbol \hbar on input line 98.
LaTeX Font Info:    Overwriting math alphabet `\mathfrak' in version `bold'
(Font)                  U/euf/m/n --> U/euf/b/n on input line 106.
)) (C:\Program Files\MiKTeX\tex/latex/sansmathaccent\sansmathaccent.sty
Package: sansmathaccent 2020/01/31
 (C:\Program Files\MiKTeX\tex/latex/koma-script\scrlfile.sty
Package: scrlfile 2021/03/17 v3.33 KOMA-Script package (file load hooks)
 (C:\Program Files\MiKTeX\tex/latex/koma-script\scrlfile-hook.sty
Package: scrlfile-hook 2021/03/17 v3.33 KOMA-Script package (using LaTeX hooks)
 (C:\Program Files\MiKTeX\tex/latex/koma-script\scrlogo.sty
Package: scrlogo 2021/03/17 v3.33 KOMA-Script package (logo)
))))) (C:\Program Files\MiKTeX\tex/latex/beamer\beamerbasetranslator.sty (C:\Program Files\MiKTeX\tex/latex/translator\translator.sty
Package: translator 2021-05-31 v1.12d Easy translation of strings in LaTeX
)) (C:\Program Files\MiKTeX\tex/latex/beamer\beamerbasemisc.sty) (C:\Program Files\MiKTeX\tex/latex/beamer\beamerbasetwoscreens.sty) (C:\Program Files\MiKTeX\tex/latex/beamer\beamerbaseoverlay.sty
\beamer@argscount=\count299
\beamer@lastskipcover=\skip50
\beamer@trivlistdepth=\count300
) (C:\Program Files\MiKTeX\tex/latex/beamer\beamerbasetitle.sty) (C:\Program Files\MiKTeX\tex/latex/beamer\beamerbasesection.sty
\c@lecture=\count301
\c@part=\count302
\c@section=\count303
\c@subsection=\count304
\c@subsubsection=\count305
) (C:\Program Files\MiKTeX\tex/latex/beamer\beamerbaseframe.sty
\beamer@framebox=\box65
\beamer@frametitlebox=\box66
\beamer@zoombox=\box67
\beamer@zoomcount=\count306
\beamer@zoomframecount=\count307
\beamer@frametextheight=\dimen261
\c@subsectionslide=\count308
\beamer@frametopskip=\skip51
\beamer@framebottomskip=\skip52
\beamer@frametopskipautobreak=\skip53
\beamer@framebottomskipautobreak=\skip54
\beamer@envbody=\toks29
\framewidth=\dimen262
\c@framenumber=\count309
) (C:\Program Files\MiKTeX\tex/latex/beamer\beamerbaseverbatim.sty
\beamer@verbatimfileout=\write4
) (C:\Program Files\MiKTeX\tex/latex/beamer\beamerbaseframesize.sty
\beamer@splitbox=\box68
\beamer@autobreakcount=\count310
\beamer@autobreaklastheight=\dimen263
\beamer@frametitletoks=\toks30
\beamer@framesubtitletoks=\toks31
) (C:\Program Files\MiKTeX\tex/latex/beamer\beamerbaseframecomponents.sty
\beamer@footins=\box69
) (C:\Program Files\MiKTeX\tex/latex/beamer\beamerbasecolor.sty) (C:\Program Files\MiKTeX\tex/latex/beamer\beamerbasenotes.sty
\beamer@frameboxcopy=\box70
) (C:\Program Files\MiKTeX\tex/latex/beamer\beamerbasetoc.sty) (C:\Program Files\MiKTeX\tex/latex/beamer\beamerbasetemplates.sty
\beamer@sbttoks=\toks32
 (C:\Program Files\MiKTeX\tex/latex/beamer\beamerbaseauxtemplates.sty (C:\Program Files\MiKTeX\tex/latex/beamer\beamerbaseboxes.sty
\bmb@box=\box71
\bmb@colorbox=\box72
\bmb@boxwidth=\dimen264
\bmb@boxheight=\dimen265
\bmb@prevheight=\dimen266
\bmb@temp=\dimen267
\bmb@dima=\dimen268
\bmb@dimb=\dimen269
\bmb@prevheight=\dimen270
)
\beamer@blockheadheight=\dimen271
)) (C:\Program Files\MiKTeX\tex/latex/beamer\beamerbaselocalstructure.sty (C:\Program Files\MiKTeX\tex/latex/tools\enumerate.sty
Package: enumerate 2015/07/23 v3.00 enumerate extensions (DPC)
\@enLab=\toks33
)
\beamer@bibiconwidth=\skip55
\c@figure=\count311
\c@table=\count312
\abovecaptionskip=\skip56
\belowcaptionskip=\skip57
) (C:\Program Files\MiKTeX\tex/latex/beamer\beamerbasenavigation.sty
\beamer@section@min@dim=\dimen272
) (C:\Program Files\MiKTeX\tex/latex/beamer\beamerbasetheorems.sty (C:\Program Files\MiKTeX\tex/latex/amsmath\amsmath.sty
Package: amsmath 2021/04/20 v2.17j AMS math features
\@mathmargin=\skip58

For additional information on amsmath, use the `?' option.
(C:\Program Files\MiKTeX\tex/latex/amsmath\amstext.sty
Package: amstext 2000/06/29 v2.01 AMS text
 (C:\Program Files\MiKTeX\tex/latex/amsmath\amsgen.sty
File: amsgen.sty 1999/11/30 v2.0 generic functions
\@emptytoks=\toks34
\ex@=\dimen273
)) (C:\Program Files\MiKTeX\tex/latex/amsmath\amsbsy.sty
Package: amsbsy 1999/11/29 v1.2d Bold Symbols
\pmbraise@=\dimen274
) (C:\Program Files\MiKTeX\tex/latex/amsmath\amsopn.sty
Package: amsopn 2016/03/08 v2.02 operator names
)
\inf@bad=\count313
LaTeX Info: Redefining \frac on input line 234.
\uproot@=\count314
\leftroot@=\count315
LaTeX Info: Redefining \overline on input line 399.
\classnum@=\count316
\DOTSCASE@=\count317
LaTeX Info: Redefining \ldots on input line 496.
LaTeX Info: Redefining \dots on input line 499.
LaTeX Info: Redefining \cdots on input line 620.
\Mathstrutbox@=\box73
\strutbox@=\box74
\big@size=\dimen275
LaTeX Font Info:    Redeclaring font encoding OML on input line 743.
LaTeX Font Info:    Redeclaring font encoding OMS on input line 744.
\macc@depth=\count318
\c@MaxMatrixCols=\count319
\dotsspace@=\muskip17
\c@parentequation=\count320
\dspbrk@lvl=\count321
\tag@help=\toks35
\row@=\count322
\column@=\count323
\maxfields@=\count324
\andhelp@=\toks36
\eqnshift@=\dimen276
\alignsep@=\dimen277
\tagshift@=\dimen278
\tagwidth@=\dimen279
\totwidth@=\dimen280
\lineht@=\dimen281
\@envbody=\toks37
\multlinegap=\skip59
\multlinetaggap=\skip60
\mathdisplay@stack=\toks38
LaTeX Info: Redefining \[ on input line 2923.
LaTeX Info: Redefining \] on input line 2924.
) (C:\Program Files\MiKTeX\tex/latex/amscls\amsthm.sty
Package: amsthm 2020/05/29 v2.20.6
\thm@style=\toks39
\thm@bodyfont=\toks40
\thm@headfont=\toks41
\thm@notefont=\toks42
\thm@headpunct=\toks43
\thm@preskip=\skip61
\thm@postskip=\skip62
\thm@headsep=\skip63
\dth@everypar=\toks44
)
\c@theorem=\count325
) (C:\Program Files\MiKTeX\tex/latex/beamer\beamerbasethemes.sty)) (C:\Program Files\MiKTeX\tex/latex/beamer\beamerthemedefault.sty (C:\Program Files\MiKTeX\tex/latex/beamer\beamerfontthemedefault.sty) (C:\Program Files\MiKTeX\tex/latex/beamer\beamercolorthemedefault.sty) (C:\Program Files\MiKTeX\tex/latex/beamer\beamerinnerthemedefault.sty
\beamer@dima=\dimen282
\beamer@dimb=\dimen283
) (C:\Program Files\MiKTeX\tex/latex/beamer\beamerouterthemedefault.sty))) (C:\Program Files\MiKTeX\tex/latex/beamertheme-metropolis\beamerthememetropolis.sty
Package: beamerthememetropolis 2017/01/23 v1.2 Metropolis Beamer theme
 (C:\Program Files\MiKTeX\tex/latex/pgfopts\pgfopts.sty
Package: pgfopts 2014/07/10 v2.1a LaTeX package options with pgfkeys
 (C:\Program Files\MiKTeX\tex/latex/pgf/utilities\pgfkeys.sty (C:\Program Files\MiKTeX\tex/generic/pgf/utilities\pgfkeys.code.tex))
\pgfopts@list@add@a@toks=\toks45
\pgfopts@list@add@b@toks=\toks46
) (C:\Program Files\MiKTeX\tex/latex/beamertheme-metropolis\beamerinnerthememetropolis.sty
Package: beamerinnerthememetropolis 2017/01/23 Metropolis inner theme
 (C:\Program Files\MiKTeX\tex/latex/tools\calc.sty
Package: calc 2017/05/25 v4.3 Infix arithmetic (KKT,FJ)
\calc@Acount=\count326
\calc@Bcount=\count327
\calc@Adimen=\dimen284
\calc@Bdimen=\dimen285
\calc@Askip=\skip64
\calc@Bskip=\skip65
LaTeX Info: Redefining \setlength on input line 80.
LaTeX Info: Redefining \addtolength on input line 81.
\calc@Ccount=\count328
\calc@Cskip=\skip66
) (C:\Program Files\MiKTeX\tex/latex/pgf/frontendlayer\tikz.sty (C:\Program Files\MiKTeX\tex/latex/pgf/basiclayer\pgf.sty
Package: pgf 2021/05/15 v3.1.9a (3.1.9a)
 (C:\Program Files\MiKTeX\tex/generic/pgf/modules\pgfmoduleshapes.code.tex
File: pgfmoduleshapes.code.tex 2021/05/15 v3.1.9a (3.1.9a)
\pgfnodeparttextbox=\box75
) (C:\Program Files\MiKTeX\tex/generic/pgf/modules\pgfmoduleplot.code.tex
File: pgfmoduleplot.code.tex 2021/05/15 v3.1.9a (3.1.9a)
) (C:\Program Files\MiKTeX\tex/latex/pgf/compatibility\pgfcomp-version-0-65.sty
Package: pgfcomp-version-0-65 2021/05/15 v3.1.9a (3.1.9a)
\pgf@nodesepstart=\dimen286
\pgf@nodesepend=\dimen287
) (C:\Program Files\MiKTeX\tex/latex/pgf/compatibility\pgfcomp-version-1-18.sty
Package: pgfcomp-version-1-18 2021/05/15 v3.1.9a (3.1.9a)
)) (C:\Program Files\MiKTeX\tex/latex/pgf/utilities\pgffor.sty (C:\Program Files\MiKTeX\tex/latex/pgf/math\pgfmath.sty (C:\Program Files\MiKTeX\tex/generic/pgf/math\pgfmath.code.tex)) (C:\Program Files\MiKTeX\tex/generic/pgf/utilities\pgffor.code.tex
Package: pgffor 2021/05/15 v3.1.9a (3.1.9a)
 (C:\Program Files\MiKTeX\tex/generic/pgf/math\pgfmath.code.tex)
\pgffor@iter=\dimen288
\pgffor@skip=\dimen289
\pgffor@stack=\toks47
\pgffor@toks=\toks48
)) (C:\Program Files\MiKTeX\tex/generic/pgf/frontendlayer/tikz\tikz.code.tex
Package: tikz 2021/05/15 v3.1.9a (3.1.9a)
 (C:\Program Files\MiKTeX\tex/generic/pgf/libraries\pgflibraryplothandlers.code.tex
File: pgflibraryplothandlers.code.tex 2021/05/15 v3.1.9a (3.1.9a)
\pgf@plot@mark@count=\count329
\pgfplotmarksize=\dimen290
)
\tikz@lastx=\dimen291
\tikz@lasty=\dimen292
\tikz@lastxsaved=\dimen293
\tikz@lastysaved=\dimen294
\tikz@lastmovetox=\dimen295
\tikz@lastmovetoy=\dimen296
\tikzleveldistance=\dimen297
\tikzsiblingdistance=\dimen298
\tikz@figbox=\box76
\tikz@figbox@bg=\box77
\tikz@tempbox=\box78
\tikz@tempbox@bg=\box79
\tikztreelevel=\count330
\tikznumberofchildren=\count331
\tikznumberofcurrentchild=\count332
\tikz@fig@count=\count333
 (C:\Program Files\MiKTeX\tex/generic/pgf/modules\pgfmodulematrix.code.tex
File: pgfmodulematrix.code.tex 2021/05/15 v3.1.9a (3.1.9a)
\pgfmatrixcurrentrow=\count334
\pgfmatrixcurrentcolumn=\count335
\pgf@matrix@numberofcolumns=\count336
)
\tikz@expandcount=\count337
 (C:\Program Files\MiKTeX\tex/generic/pgf/frontendlayer/tikz/libraries\tikzlibrarytopaths.code.tex
File: tikzlibrarytopaths.code.tex 2021/05/15 v3.1.9a (3.1.9a)
)))
\metropolis@titleseparator@linewidth=\skip67
\metropolis@progressonsectionpage=\skip68
\metropolis@progressonsectionpage@linewidth=\skip69
\metropolis@blocksep=\skip70
\metropolis@blockadjust=\skip71
\metropolis@parskip=\skip72
) (C:\Program Files\MiKTeX\tex/latex/beamertheme-metropolis\beamerouterthememetropolis.sty
Package: beamerouterthememetropolis 2017/01/23 Metropolis outer theme
\metropolis@frametitle@padding=\skip73
\metropolis@progressinheadfoot=\skip74
\metropolis@progressinheadfoot@linewidth=\skip75
) (C:\Program Files\MiKTeX\tex/latex/beamertheme-metropolis\beamercolorthememetropolis.sty
Package: beamercolorthememetropolis 2017/01/23 Metropolis color theme
) (C:\Program Files\MiKTeX\tex/latex/beamertheme-metropolis\beamerfontthememetropolis.sty
Package: beamerfontthememetropolis 2017/01/23 Metropolis font theme
 (C:\Program Files\MiKTeX\tex/generic/iftex\ifxetex.sty
Package: ifxetex 2019/10/25 v0.7 ifxetex legacy package. Use iftex instead.
) (C:\Program Files\MiKTeX\tex/generic/iftex\ifluatex.sty
Package: ifluatex 2019/10/25 v1.5 ifluatex legacy package. Use iftex instead.
)

Package beamerthememetropolis Warning: You need to compile with XeLaTeX or LuaLaTeX to use the Fira fonts on input line 95.

)) (C:\Program Files\MiKTeX\tex/latex/appendixnumberbeamer\appendixnumberbeamer.sty) (C:\Program Files\MiKTeX\tex/latex/booktabs\booktabs.sty
Package: booktabs 2020/01/12 v1.61803398 Publication quality tables
\heavyrulewidth=\dimen299
\lightrulewidth=\dimen300
\cmidrulewidth=\dimen301
\belowrulesep=\dimen302
\belowbottomsep=\dimen303
\aboverulesep=\dimen304
\abovetopsep=\dimen305
\cmidrulesep=\dimen306
\cmidrulekern=\dimen307
\defaultaddspace=\dimen308
\@cmidla=\count338
\@cmidlb=\count339
\@aboverulesep=\dimen309
\@belowrulesep=\dimen310
\@thisruleclass=\count340
\@lastruleclass=\count341
\@thisrulewidth=\dimen311
) (C:\Program Files\MiKTeX\tex/latex/ccicons\ccicons.sty
Package: ccicons 2017/10/30 v1.6 LaTeX support for Creative Commons icons
 (C:\Program Files\MiKTeX\tex/latex/xkeyval\xkeyval.sty
Package: xkeyval 2020/11/20 v2.8 package option processing (HA)
 (C:\Program Files\MiKTeX\tex/generic/xkeyval\xkeyval.tex (C:\Program Files\MiKTeX\tex/generic/xkeyval\xkvutils.tex
\XKV@toks=\toks49
\XKV@tempa@toks=\toks50
)
\XKV@depth=\count342
File: xkeyval.tex 2014/12/03 v2.7a key=value parser (HA)
))) (C:\Program Files\MiKTeX\tex/latex/pgfplots\pgfplots.sty (C:\Program Files\MiKTeX\tex/generic/pgfplots\pgfplots.revision.tex)
Package: pgfplots 2021/05/15 v1.18.1 Data Visualization (1.18.1)
 (C:\Program Files\MiKTeX\tex/generic/pgfplots\pgfplots.code.tex (C:\Program Files\MiKTeX\tex/generic/pgfplots\pgfplotscore.code.tex
\t@pgfplots@toka=\toks51
\t@pgfplots@tokb=\toks52
\t@pgfplots@tokc=\toks53
\pgfplots@tmpa=\dimen312
\c@pgfplots@coordindex=\count343
\c@pgfplots@scanlineindex=\count344
 (C:\Program Files\MiKTeX\tex/generic/pgfplots/sys\pgfplotssysgeneric.code.tex)) (C:\Program Files\MiKTeX\tex/generic/pgfplots/libs\pgfplotslibrary.code.tex) (C:\Program Files\MiKTeX\tex/generic/pgfplots/oldpgfcompatib\pgfplotsoldpgfsupp_loader.code.tex (C:\Program Files\MiKTeX\tex/generic/pgf/libraries\pgflibraryfpu.code.tex)) (C:\Program Files\MiKTeX\tex/generic/pgfplots/util\pgfplotsutil.code.tex (C:\Program Files\MiKTeX\tex/generic/pgfplots/liststructure\pgfplotsliststructure.code.tex) (C:\Program Files\MiKTeX\tex/generic/pgfplots/liststructure\pgfplotsliststructureext.code.tex) (C:\Program Files\MiKTeX\tex/generic/pgfplots/liststructure\pgfplotsarray.code.tex
\c@pgfplotsarray@tmp=\count345
) (C:\Program Files\MiKTeX\tex/generic/pgfplots/liststructure\pgfplotsmatrix.code.tex) (C:\Program Files\MiKTeX\tex/generic/pgfplots/numtable\pgfplotstableshared.code.tex
\c@pgfplotstable@counta=\count346
\t@pgfplotstable@a=\toks54
) (C:\Program Files\MiKTeX\tex/generic/pgfplots/liststructure\pgfplotsdeque.code.tex) (C:\Program Files\MiKTeX\tex/generic/pgfplots/util\pgfplotsbinary.code.tex (C:\Program Files\MiKTeX\tex/generic/pgfplots/util\pgfplotsbinary.data.code.tex)) (C:\Program Files\MiKTeX\tex/generic/pgfplots/util\pgfplotsutil.verb.code.tex) (C:\Program Files\MiKTeX\tex/generic/pgfplots/libs\pgflibrarypgfplots.surfshading.code.tex
\c@pgfplotslibrarysurf@no=\count347
 (C:\Program Files\MiKTeX\tex/generic/pgfplots/sys\pgflibrarypgfplots.surfshading.pgfsys-pdftex.def))) (C:\Program Files\MiKTeX\tex/generic/pgfplots/util\pgfplotscolormap.code.tex (C:\Program Files\MiKTeX\tex/generic/pgfplots/util\pgfplotscolor.code.tex)) (C:\Program Files\MiKTeX\tex/generic/pgfplots\pgfplotsstackedplots.code.tex) (C:\Program Files\MiKTeX\tex/generic/pgfplots\pgfplotsplothandlers.code.tex (C:\Program Files\MiKTeX\tex/generic/pgfplots\pgfplotsmeshplothandler.code.tex (C:\Program Files\MiKTeX\tex/generic/pgfplots\pgfplotsmeshplotimage.code.tex))) (C:\Program Files\MiKTeX\tex/generic/pgfplots\pgfplots.scaling.code.tex) (C:\Program Files\MiKTeX\tex/generic/pgfplots\pgfplotscoordprocessing.code.tex) (C:\Program Files\MiKTeX\tex/generic/pgfplots\pgfplots.errorbars.code.tex) (C:\Program Files\MiKTeX\tex/generic/pgfplots\pgfplots.markers.code.tex) (C:\Program Files\MiKTeX\tex/generic/pgfplots\pgfplotsticks.code.tex) (C:\Program Files\MiKTeX\tex/generic/pgfplots\pgfplots.paths.code.tex) (C:\Program Files\MiKTeX\tex/generic/pgf/frontendlayer/tikz/libraries\tikzlibrarydecorations.code.tex (C:\Program Files\MiKTeX\tex/generic/pgf/modules\pgfmoduledecorations.code.tex
\pgfdecoratedcompleteddistance=\dimen313
\pgfdecoratedremainingdistance=\dimen314
\pgfdecoratedinputsegmentcompleteddistance=\dimen315
\pgfdecoratedinputsegmentremainingdistance=\dimen316
\pgf@decorate@distancetomove=\dimen317
\pgf@decorate@repeatstate=\count348
\pgfdecorationsegmentamplitude=\dimen318
\pgfdecorationsegmentlength=\dimen319
)
\tikz@lib@dec@box=\box80
) (C:\Program Files\MiKTeX\tex/generic/pgf/frontendlayer/tikz/libraries\tikzlibrarydecorations.pathmorphing.code.tex (C:\Program Files\MiKTeX\tex/generic/pgf/libraries/decorations\pgflibrarydecorations.pathmorphing.code.tex)) (C:\Program Files\MiKTeX\tex/generic/pgf/frontendlayer/tikz/libraries\tikzlibrarydecorations.pathreplacing.code.tex (C:\Program Files\MiKTeX\tex/generic/pgf/libraries/decorations\pgflibrarydecorations.pathreplacing.code.tex)) (C:\Program Files\MiKTeX\tex/generic/pgfplots/libs\tikzlibrarypgfplots.contourlua.code.tex)
\pgfplots@numplots=\count349
\pgfplots@xmin@reg=\dimen320
\pgfplots@xmax@reg=\dimen321
\pgfplots@ymin@reg=\dimen322
\pgfplots@ymax@reg=\dimen323
\pgfplots@zmin@reg=\dimen324
\pgfplots@zmax@reg=\dimen325
) (C:\Program Files\MiKTeX\tex/generic/pgf/frontendlayer/tikz/libraries\tikzlibraryplotmarks.code.tex
File: tikzlibraryplotmarks.code.tex 2021/05/15 v3.1.9a (3.1.9a)
 (C:\Program Files\MiKTeX\tex/generic/pgf/libraries\pgflibraryplotmarks.code.tex
File: pgflibraryplotmarks.code.tex 2021/05/15 v3.1.9a (3.1.9a)
))) (C:\Program Files\MiKTeX\tex/generic/pgfplots/libs\tikzlibrarypgfplots.dateplot.code.tex (C:\Program Files\MiKTeX\tex/latex/pgf/utilities\pgfcalendar.sty (C:\Program Files\MiKTeX\tex/generic/pgf/utilities\pgfcalendar.code.tex
File: pgfcalendar.code.tex 2021/05/15 v3.1.9a (3.1.9a)
 (C:\Program Files\MiKTeX\tex/generic/pgf/math\pgfint.code.tex)
\pgfcalendarcurrentjulian=\count350
\pgf@cal@easter@Y=\count351
\pgf@cal@easter@G=\count352
\pgf@cal@easter@C=\count353
\pgf@cal@easter@X=\count354
\pgf@cal@easter@Z=\count355
\pgf@cal@easter@D=\count356
\pgf@cal@easter@E=\count357
\pgf@cal@easter@N=\count358
\pgf@cal@easter@M=\count359
\pgf@cal@easter@julianday=\count360
))) (C:\Program Files\MiKTeX\tex/latex/tools\xspace.sty
Package: xspace 2014/10/28 v1.13 Space after command names (DPC,MH)
) (C:\Program Files\MiKTeX\tex/latex/beamertheme-metropolis\pgfplotsthemetol.sty
Package: pgfplotsthemetol 2017/01/23 PGFplots colors based on Paul Tol's SRON technical note
) (C:\Program Files\MiKTeX\tex/latex/l3backend\l3backend-pdftex.def
File: l3backend-pdftex.def 2021-05-07 L3 backend support: PDF output (pdfTeX)
\l__color_backend_stack_int=\count361
\l__pdf_internal_box=\box81
) (demo.aux)
\openout1 = `demo.aux'.

LaTeX Font Info:    Checking defaults for OML/cmm/m/it on input line 25.
LaTeX Font Info:    ... okay on input line 25.
LaTeX Font Info:    Checking defaults for OMS/cmsy/m/n on input line 25.
LaTeX Font Info:    ... okay on input line 25.
LaTeX Font Info:    Checking defaults for OT1/cmr/m/n on input line 25.
LaTeX Font Info:    ... okay on input line 25.
LaTeX Font Info:    Checking defaults for T1/cmr/m/n on input line 25.
LaTeX Font Info:    ... okay on input line 25.
LaTeX Font Info:    Checking defaults for TS1/cmr/m/n on input line 25.
LaTeX Font Info:    ... okay on input line 25.
LaTeX Font Info:    Checking defaults for OMX/cmex/m/n on input line 25.
LaTeX Font Info:    ... okay on input line 25.
LaTeX Font Info:    Checking defaults for U/cmr/m/n on input line 25.
LaTeX Font Info:    ... okay on input line 25.
LaTeX Font Info:    Checking defaults for PD1/pdf/m/n on input line 25.
LaTeX Font Info:    ... okay on input line 25.
LaTeX Font Info:    Checking defaults for PU/pdf/m/n on input line 25.
LaTeX Font Info:    ... okay on input line 25.

*geometry* driver: auto-detecting
*geometry* detected driver: pdftex
*geometry* verbose mode - [ preamble ] result:
* driver: pdftex
* paper: custom
* layout: <same size as paper>
* layoutoffset:(h,v)=(0.0pt,0.0pt)
* modes: includehead includefoot 
* h-part:(L,W,R)=(28.45274pt, 307.28987pt, 28.45274pt)
* v-part:(T,H,B)=(0.0pt, 273.14662pt, 0.0pt)
* \paperwidth=364.19536pt
* \paperheight=273.14662pt
* \textwidth=307.28987pt
* \textheight=244.6939pt
* \oddsidemargin=-43.81725pt
* \evensidemargin=-43.81725pt
* \topmargin=-72.26999pt
* \headheight=14.22636pt
* \headsep=0.0pt
* \topskip=10.0pt
* \footskip=14.22636pt
* \marginparwidth=3.0pt
* \marginparsep=11.0pt
* \columnsep=10.0pt
* \skip\footins=9.0pt plus 4.0pt minus 2.0pt
* \hoffset=0.0pt
* \voffset=0.0pt
* \mag=1000
* \@twocolumnfalse
* \@twosidefalse
* \@mparswitchfalse
* \@reversemarginfalse
* (1in=72.27pt=25.4mm, 1cm=28.453pt)

(C:\Program Files\MiKTeX\tex/context/base/mkii\supp-pdf.mkii
[Loading MPS to PDF converter (version 2006.09.02).]
\scratchcounter=\count362
\scratchdimen=\dimen326
\scratchbox=\box82
\nofMPsegments=\count363
\nofMParguments=\count364
\everyMPshowfont=\toks55
\MPscratchCnt=\count365
\MPscratchDim=\dimen327
\MPnumerator=\count366
\makeMPintoPDFobject=\count367
\everyMPtoPDFconversion=\toks56
) (C:\Program Files\MiKTeX\tex/latex/epstopdf-pkg\epstopdf-base.sty
Package: epstopdf-base 2020-01-24 v2.11 Base part for package epstopdf
Package epstopdf-base Info: Redefining graphics rule for `.eps' on input line 485.
 (C:\Program Files\MiKTeX\tex/latex/00miktex\epstopdf-sys.cfg
File: epstopdf-sys.cfg 2021/03/18 v2.0 Configuration of epstopdf for MiKTeX
))
Package hyperref Info: Link coloring OFF on input line 25.
 (C:\Program Files\MiKTeX\tex/latex/hyperref\nameref.sty
Package: nameref 2021-04-02 v2.47 Cross-referencing by name of section
 (C:\Program Files\MiKTeX\tex/latex/refcount\refcount.sty
Package: refcount 2019/12/15 v3.6 Data extraction from label references (HO)
) (C:\Program Files\MiKTeX\tex/generic/gettitlestring\gettitlestring.sty
Package: gettitlestring 2019/12/15 v1.6 Cleanup title references (HO)
)
\c@section@level=\count368
)
LaTeX Info: Redefining \ref on input line 25.
LaTeX Info: Redefining \pageref on input line 25.
LaTeX Info: Redefining \nameref on input line 25.
 (demo.out) (demo.out)
\@outlinefile=\write5
\openout5 = `demo.out'.

LaTeX Font Info:    Overwriting symbol font `operators' in version `normal'
(Font)                  OT1/cmr/m/n --> OT1/cmss/m/n on input line 25.
LaTeX Font Info:    Overwriting symbol font `operators' in version `bold'
(Font)                  OT1/cmr/bx/n --> OT1/cmss/b/n on input line 25.
\symnumbers=\mathgroup6
\sympureletters=\mathgroup7
LaTeX Font Info:    Overwriting math alphabet `\mathrm' in version `normal'
(Font)                  OT1/cmss/m/n --> OT1/cmr/m/n on input line 25.
LaTeX Font Info:    Redeclaring math alphabet \mathbf on input line 25.
LaTeX Font Info:    Overwriting math alphabet `\mathbf' in version `normal'
(Font)                  OT1/cmr/bx/n --> OT1/cmss/b/n on input line 25.
LaTeX Font Info:    Overwriting math alphabet `\mathbf' in version `bold'
(Font)                  OT1/cmr/bx/n --> OT1/cmss/b/n on input line 25.
LaTeX Font Info:    Redeclaring math alphabet \mathsf on input line 25.
LaTeX Font Info:    Overwriting math alphabet `\mathsf' in version `normal'
(Font)                  OT1/cmss/m/n --> OT1/cmss/m/n on input line 25.
LaTeX Font Info:    Overwriting math alphabet `\mathsf' in version `bold'
(Font)                  OT1/cmss/bx/n --> OT1/cmss/m/n on input line 25.
LaTeX Font Info:    Redeclaring math alphabet \mathit on input line 25.
LaTeX Font Info:    Overwriting math alphabet `\mathit' in version `normal'
(Font)                  OT1/cmr/m/it --> OT1/cmss/m/it on input line 25.
LaTeX Font Info:    Overwriting math alphabet `\mathit' in version `bold'
(Font)                  OT1/cmr/bx/it --> OT1/cmss/m/it on input line 25.
LaTeX Font Info:    Redeclaring math alphabet \mathtt on input line 25.
LaTeX Font Info:    Overwriting math alphabet `\mathtt' in version `normal'
(Font)                  OT1/cmtt/m/n --> OT1/cmtt/m/n on input line 25.
LaTeX Font Info:    Overwriting math alphabet `\mathtt' in version `bold'
(Font)                  OT1/cmtt/m/n --> OT1/cmtt/m/n on input line 25.
LaTeX Font Info:    Overwriting symbol font `numbers' in version `bold'
(Font)                  OT1/cmss/m/n --> OT1/cmss/b/n on input line 25.
LaTeX Font Info:    Overwriting symbol font `pureletters' in version `bold'
(Font)                  OT1/cmss/m/it --> OT1/cmss/b/it on input line 25.
LaTeX Font Info:    Overwriting math alphabet `\mathrm' in version `bold'
(Font)                  OT1/cmss/b/n --> OT1/cmr/b/n on input line 25.
LaTeX Font Info:    Overwriting math alphabet `\mathbf' in version `bold'
(Font)                  OT1/cmss/b/n --> OT1/cmss/b/n on input line 25.
LaTeX Font Info:    Overwriting math alphabet `\mathsf' in version `bold'
(Font)                  OT1/cmss/m/n --> OT1/cmss/b/n on input line 25.
LaTeX Font Info:    Overwriting math alphabet `\mathit' in version `bold'
(Font)                  OT1/cmss/m/it --> OT1/cmss/b/it on input line 25.
LaTeX Font Info:    Overwriting math alphabet `\mathtt' in version `bold'
(Font)                  OT1/cmtt/m/n --> OT1/cmtt/b/n on input line 25.
LaTeX Font Info:    Redeclaring symbol font `pureletters' on input line 25.
LaTeX Font Info:    Overwriting symbol font `pureletters' in version `normal'
(Font)                  OT1/cmss/m/it --> OT1/mathkerncmss/m/sl on input line 25.
LaTeX Font Info:    Overwriting symbol font `pureletters' in version `bold'
(Font)                  OT1/cmss/b/it --> OT1/mathkerncmss/m/sl on input line 25.
LaTeX Font Info:    Overwriting symbol font `pureletters' in version `bold'
(Font)                  OT1/mathkerncmss/m/sl --> OT1/mathkerncmss/bx/sl on input line 25.
 (C:\Program Files\MiKTeX\tex/latex/translator\translator-basic-dictionary-English.dict
Dictionary: translator-basic-dictionary, Language: English 
) (C:\Program Files\MiKTeX\tex/latex/translator\translator-bibliography-dictionary-English.dict
Dictionary: translator-bibliography-dictionary, Language: English 
) (C:\Program Files\MiKTeX\tex/latex/translator\translator-environment-dictionary-English.dict
Dictionary: translator-environment-dictionary, Language: English 
) (C:\Program Files\MiKTeX\tex/latex/translator\translator-months-dictionary-English.dict
Dictionary: translator-months-dictionary, Language: English 
) (C:\Program Files\MiKTeX\tex/latex/translator\translator-numbers-dictionary-English.dict
Dictionary: translator-numbers-dictionary, Language: English 
) (C:\Program Files\MiKTeX\tex/latex/translator\translator-theorem-dictionary-English.dict
Dictionary: translator-theorem-dictionary, Language: English 
)
Package pgfplots notification 'compat/show suggested version=true': you might benefit from \pgfplotsset{compat=1.18} (current compat level: 1.9).

(demo.nav)
Overfull \vbox (13.79993pt too high) detected at line 27
 []

[1

{C:/Users/subbu/AppData/Local/MiKTeX/pdftex/config/pdftex.map}] (demo.toc) [2

]
LaTeX Font Info:    Trying to load font information for U+msa on input line 34.
 (C:\Program Files\MiKTeX\tex/latex/amsfonts\umsa.fd
File: umsa.fd 2013/01/14 v3.01 AMS symbols A
)
LaTeX Font Info:    Trying to load font information for U+msb on input line 34.
 (C:\Program Files\MiKTeX\tex/latex/amsfonts\umsb.fd
File: umsb.fd 2013/01/14 v3.01 AMS symbols B
)
LaTeX Font Info:    Trying to load font information for OT1+mathkerncmss on input line 34.
 (C:\Program Files\MiKTeX\tex/latex/sansmathaccent\ot1mathkerncmss.fd
File: ot1mathkerncmss.fd 2020/01/31 Fontinst v1.933 font definitions for OT1/mathkerncmss.
) [3

]
\openout4 = `demo.vrb'.

 (demo.vrb

LaTeX Font Warning: Font shape `OT1/cmss/bx/sc' undefined
(Font)              using `OT1/cmss/bx/n' instead on input line 3.


LaTeX Font Warning: Font shape `OT1/cmss/m/sc' in size <10> not available
(Font)              Font shape `OT1/cmr/m/sc' tried instead on input line 5.

) [4

]
\openout4 = `demo.vrb'.

 (demo.vrb) [5

] [6

]
LaTeX Font Info:    Trying to load font information for TS1+cmss on input line 70.
 (C:\Program Files\MiKTeX\tex/latex/base\ts1cmss.fd
File: ts1cmss.fd 2019/12/16 v2.5j Standard LaTeX font definitions
) [7

]

LaTeX Font Warning: Font shape `OT1/cmss/m/sc' in size <12> not available
(Font)              Font shape `OT1/cmr/m/sc' tried instead on input line 82.

[8

]

Package beamerthememetropolis Warning: Be aware that titleformat frame=allsmallcaps can lead to problems on input line 86.

[9

]

Package beamerthememetropolis Warning: Be aware that titleformat frame=allcaps can lead to problems on input line 99.

[10

] [11

]
\openout4 = `demo.vrb'.

 (demo.vrb) [12

]

LaTeX Font Warning: Font shape `OT1/cmss/bx/it' undefined
(Font)              using `OT1/cmss/bx/n' instead on input line 135.

LaTeX Font Info:    Font shape `OT1/cmtt/bx/n' in size <10> not available
(Font)              Font shape `OT1/cmtt/m/n' tried instead on input line 135.
LaTeX Font Info:    Font shape `OT1/cmtt/bx/it' in size <10> not available
(Font)              Font shape `OT1/cmtt/m/it' tried instead on input line 135.
[13

] [14

] [15

] [16

] [17

] [18

]
\c@density=\count369
 [19

] [20

] [21

] [22

]
Missing character: There is no . in font nullfont!
Missing character: There is no 0 in font nullfont!
Missing character: There is no 1 in font nullfont!
Missing character: There is no p in font nullfont!
Missing character: There is no t in font nullfont!
 [23

] [24

] [25

]
\openout4 = `demo.vrb'.

 (demo.vrb) [26

] [27

] [28

]
LaTeX Font Info:    Font shape `U/ccicons/m/n' will be
(Font)              scaled to size 20.0pt on input line 316.
 [29

] [30

]

Package hyperref Warning: Token not allowed in a PDF string (Unicode):
(hyperref)                removing `\translate ' on input line 324.

\openout4 = `demo.vrb'.

(demo.vrb) [31

] (demo.bbl) [32

 <C:/Program Files/MiKTeX/tex/latex/beamer/beamericonarticle.pdf>] [33


]
\tf@nav=\write6
\openout6 = `demo.nav'.

\tf@toc=\write7
\openout7 = `demo.toc'.

\tf@snm=\write8
\openout8 = `demo.snm'.

 (demo.aux)

LaTeX Font Warning: Some font shapes were not available, defaults substituted.

Package rerunfilecheck Info: File `demo.out' has not changed.
(rerunfilecheck)             Checksum: 70E7BD8C8DE4A6E0FF8BA72B946714CA;550.
 ) 
Here is how much of TeX's memory you used:
 35886 strings out of 478864
 846653 string characters out of 2858517
 1273204 words of memory out of 3000000
 53014 multiletter control sequences out of 15000+600000
 415176 words of font info for 70 fonts, out of 8000000 for 9000
 1141 hyphenation exceptions out of 8191
 128i,18n,124p,1884b,2205s stack positions out of 5000i,500n,10000p,200000b,80000s
 <C:\Users\subbu\AppData\Local\MiKTeX\fonts/pk/ljfour/jknappen/ec/dpi600\tcss1000.pk><C:/Program Files/MiKTeX/fonts/type1/public/ccicons/ccicons.pfb><C:/Program Files/MiKTeX/fonts/type1/public/amsfonts/cm/cmcsc10.pfb><C:/Program Files/MiKTeX/fonts/type1/public/amsfonts/cm/cmex10.pfb><C:/Program Files/MiKTeX/fonts/type1/public/amsfonts/cm/cmitt10.pfb><C:/Program Files/MiKTeX/fonts/type1/public/amsfonts/cm/cmmi8.pfb><C:/Program Files/MiKTeX/fonts/type1/public/amsfonts/cm/cmss10.pfb><C:/Program Files/MiKTeX/fonts/type1/public/amsfonts/cm/cmss12.pfb><C:/Program Files/MiKTeX/fonts/type1/public/amsfonts/cm/cmss8.pfb><C:/Program Files/MiKTeX/fonts/type1/public/amsfonts/cm/cmss9.pfb><C:/Program Files/MiKTeX/fonts/type1/public/amsfonts/cm/cmssbx10.pfb><C:/Program Files/MiKTeX/fonts/type1/public/amsfonts/cm/cmssi10.pfb><C:/Program Files/MiKTeX/fonts/type1/public/amsfonts/cm/cmssi8.pfb><C:/Program Files/MiKTeX/fonts/type1/public/amsfonts/cm/cmsy7.pfb><C:/Program Files/MiKTeX/fonts/type1/public/amsfonts/cm/cmsy8.pfb><C:/Program Files/MiKTeX/fonts/type1/public/amsfonts/cm/cmtt10.pfb>
Output written on demo.pdf (33 pages, 228317 bytes).
PDF statistics:
 342 PDF objects out of 1000 (max. 8388607)
 78 named destinations out of 1000 (max. 500000)
 91 words of extra memory for PDF output out of 10000 (max. 10000000)

